Copyright 1986-2022 Xilinx, Inc. All Rights Reserved.
------------------------------------------------------------------------------------
| Tool Version : Vivado v.2022.1 (win64) Build 3526262 Mon Apr 18 15:48:16 MDT 2022
| Date         : Fri Apr 28 18:14:11 2023
| Host         : DESKTOP-1K6AF7C running 64-bit major release  (build 9200)
| Command      : upgrade_ip
| Device       : xc7z020clg400-1
------------------------------------------------------------------------------------

Upgrade Log for IP 'design_1_full_radio_0_0'

1. Summary
----------

SUCCESS in the upgrade of design_1_full_radio_0_0 (jhu.edu:user:full_radio:1.0) from (Rev. 6) to (Rev. 8)






Copyright 1986-2022 Xilinx, Inc. All Rights Reserved.
------------------------------------------------------------------------------------
| Tool Version : Vivado v.2022.1 (win64) Build 3526262 Mon Apr 18 15:48:16 MDT 2022
| Date         : Fri Apr 28 15:43:30 2023
| Host         : DESKTOP-1K6AF7C running 64-bit major release  (build 9200)
| Command      : upgrade_ip
| Device       : xc7z020clg400-1
------------------------------------------------------------------------------------

Upgrade Log for IP 'design_1_full_radio_0_0'

1. Summary
----------

SUCCESS in the upgrade of design_1_full_radio_0_0 (jhu.edu:user:full_radio:1.0) from (Rev. 4) to (Rev. 5)






Copyright 1986-2022 Xilinx, Inc. All Rights Reserved.
------------------------------------------------------------------------------------
| Tool Version : Vivado v.2022.1 (win64) Build 3526262 Mon Apr 18 15:48:16 MDT 2022
| Date         : Fri Apr 28 15:18:26 2023
| Host         : DESKTOP-1K6AF7C running 64-bit major release  (build 9200)
| Command      : upgrade_ip
| Device       : xc7z020clg400-1
------------------------------------------------------------------------------------

Upgrade Log for IP 'design_1_full_radio_0_0'

1. Summary
----------

CAUTION (success, with warnings) in the upgrade of design_1_full_radio_0_0 (jhu.edu:user:full_radio:1.0) from (Rev. 3) to (Rev. 4)

After upgrade, an IP may have parameter and port differences compared to the original customization. Please review the parameters within the IP customization GUI to ensure proper functionality. Also, please review the updated IP instantiation template to ensure proper connectivity, and update your design if required.

2. Connection Warnings
----------------------

Detected external port differences while upgrading 'design_1_full_radio_0_0'. These changes may impact your design.


-Upgraded port 'm_axis_tdata' width 32 differs from original width 16


